polkit-gnome
python-requests
pamixer
pavucontrol
brightnessctl
bluez
bluez-utils
blueman
network-manager-applet
gvfs
gvfs-mtp
thunar
thunar-archive-plugin
thunar-volman
tumbler
unzip
file-roller
btop
pacman-contrib
mousepad
mpv
viewnior
xfce4-settings
ttf-jetbrains-mono
ttf-jetbrains-mono-nerd
ttf-ubuntu-nerd
terminus-font
ttf-ms-fonts
noto-fonts-emoji 
qt5ct
gtk-engine-murrine
ffmpegthumbs
foot
swww
swaylock-effects
wofi
wlogout
wl-clipboard
cliphist
nwg-look-bin
dunst
xdg-desktop-portal-hyprland